# JRE version: OpenJDK Runtime Environment 18.9 (11.0.11+9) (build 11.0.11+9)
# Java VM: OpenJDK 64-Bit Server VM 18.9 (11.0.11+9, mixed mode, tiered, compressed oops, g1 gc, windows-amd64)
Heap:
 garbage-first heap   total 262144K, used 151804K [0x0000000740000000, 0x0000000800000000)
  region size 1024K, 45 young (46080K), 3 survivors (3072K)
 Metaspace       used 117151K, capacity 120048K, committed 120264K, reserved 1153024K
  class space    used 15403K, capacity 16684K, committed 16716K, reserved 1048576K
GC Heap History (20 events):
Event: 1338.045 GC heap before
{Heap before GC invocations=232 (full 124):
 garbage-first heap   total 262144K, used 171085K [0x0000000740000000, 0x0000000800000000)
  region size 1024K, 60 young (61440K), 4 survivors (4096K)
 Metaspace       used 117015K, capacity 119920K, committed 120008K, reserved 1153024K
  class space    used 15403K, capacity 16684K, committed 16716K, reserved 1048576K
}
Event: 1338.049 GC heap after
{Heap after GC invocations=233 (full 124):
 garbage-first heap   total 262144K, used 114286K [0x0000000740000000, 0x0000000800000000)
  region size 1024K, 4 young (4096K), 4 survivors (4096K)
 Metaspace       used 117015K, capacity 119920K, committed 120008K, reserved 1153024K
  class space    used 15403K, capacity 16684K, committed 16716K, reserved 1048576K
}
Event: 1338.231 GC heap before
{Heap before GC invocations=233 (full 124):
 garbage-first heap   total 262144K, used 128622K [0x0000000740000000, 0x0000000800000000)
  region size 1024K, 19 young (19456K), 4 survivors (4096K)
 Metaspace       used 117035K, capacity 119920K, committed 120008K, reserved 1153024K
  class space    used 15403K, capacity 16684K, committed 16716K, reserved 1048576K
}
Event: 1338.311 GC heap after
{Heap after GC invocations=234 (full 125):
 garbage-first heap   total 262144K, used 106615K [0x0000000740000000, 0x0000000800000000)
  region size 1024K, 0 young (0K), 0 survivors (0K)
 Metaspace       used 117035K, capacity 119920K, committed 120008K, reserved 1153024K
  class space    used 15403K, capacity 16684K, committed 16716K, reserved 1048576K
}
Event: 1442.195 GC heap before
{Heap before GC invocations=234 (full 125):
 garbage-first heap   total 262144K, used 170103K [0x0000000740000000, 0x0000000800000000)
  region size 1024K, 60 young (61440K), 0 survivors (0K)
 Metaspace       used 117045K, capacity 119920K, committed 120008K, reserved 1153024K
  class space    used 15403K, capacity 16684K, committed 16716K, reserved 1048576K
}
Event: 1442.197 GC heap after
{Heap after GC invocations=235 (full 125):
 garbage-first heap   total 262144K, used 109942K [0x0000000740000000, 0x0000000800000000)
  region size 1024K, 2 young (2048K), 2 survivors (2048K)
 Metaspace       used 117045K, capacity 119920K, committed 120008K, reserved 1153024K
  class space    used 15403K, capacity 16684K, committed 16716K, reserved 1048576K
}
Event: 1452.266 GC heap before
{Heap before GC invocations=235 (full 125):
 garbage-first heap   total 262144K, used 169334K [0x0000000740000000, 0x0000000800000000)
  region size 1024K, 60 young (61440K), 2 survivors (2048K)
 Metaspace       used 117111K, capacity 119984K, committed 120264K, reserved 1153024K
  class space    used 15403K, capacity 16684K, committed 16716K, reserved 1048576K
}
Event: 1452.268 GC heap after
{Heap after GC invocations=236 (full 125):
 garbage-first heap   total 262144K, used 109622K [0x0000000740000000, 0x0000000800000000)
  region size 1024K, 1 young (1024K), 1 survivors (1024K)
 Metaspace       used 117111K, capacity 119984K, committed 120264K, reserved 1153024K
  class space    used 15403K, capacity 16684K, committed 16716K, reserved 1048576K
}
Event: 1459.306 GC heap before
{Heap before GC invocations=236 (full 125):
 garbage-first heap   total 262144K, used 170038K [0x0000000740000000, 0x0000000800000000)
  region size 1024K, 60 young (61440K), 1 survivors (1024K)
 Metaspace       used 117116K, capacity 119984K, committed 120264K, reserved 1153024K
  class space    used 15403K, capacity 16684K, committed 16716K, reserved 1048576K
}
Event: 1459.307 GC heap after
{Heap after GC invocations=237 (full 125):
 garbage-first heap   total 262144K, used 109455K [0x0000000740000000, 0x0000000800000000)
  region size 1024K, 1 young (1024K), 1 survivors (1024K)
 Metaspace       used 117116K, capacity 119984K, committed 120264K, reserved 1153024K
  class space    used 15403K, capacity 16684K, committed 16716K, reserved 1048576K
}
Event: 1615.084 GC heap before
{Heap before GC invocations=237 (full 125):
 garbage-first heap   total 262144K, used 169871K [0x0000000740000000, 0x0000000800000000)
  region size 1024K, 60 young (61440K), 1 survivors (1024K)
 Metaspace       used 117119K, capacity 119984K, committed 120264K, reserved 1153024K
  class space    used 15403K, capacity 16684K, committed 16716K, reserved 1048576K
}
Event: 1615.088 GC heap after
{Heap after GC invocations=238 (full 125):
 garbage-first heap   total 262144K, used 110081K [0x0000000740000000, 0x0000000800000000)
  region size 1024K, 2 young (2048K), 2 survivors (2048K)
 Metaspace       used 117119K, capacity 119984K, committed 120264K, reserved 1153024K
  class space    used 15403K, capacity 16684K, committed 16716K, reserved 1048576K
}
Event: 1713.421 GC heap before
{Heap before GC invocations=238 (full 125):
 garbage-first heap   total 262144K, used 169473K [0x0000000740000000, 0x0000000800000000)
  region size 1024K, 60 young (61440K), 2 survivors (2048K)
 Metaspace       used 117127K, capacity 119984K, committed 120264K, reserved 1153024K
  class space    used 15403K, capacity 16684K, committed 16716K, reserved 1048576K
}
Event: 1713.424 GC heap after
{Heap after GC invocations=239 (full 125):
 garbage-first heap   total 262144K, used 109863K [0x0000000740000000, 0x0000000800000000)
  region size 1024K, 2 young (2048K), 2 survivors (2048K)
 Metaspace       used 117127K, capacity 119984K, committed 120264K, reserved 1153024K
  class space    used 15403K, capacity 16684K, committed 16716K, reserved 1048576K
}
Event: 1718.251 GC heap before
{Heap before GC invocations=239 (full 125):
 garbage-first heap   total 262144K, used 169255K [0x0000000740000000, 0x0000000800000000)
  region size 1024K, 60 young (61440K), 2 survivors (2048K)
 Metaspace       used 117127K, capacity 119984K, committed 120264K, reserved 1153024K
  class space    used 15403K, capacity 16684K, committed 16716K, reserved 1048576K
}
Event: 1718.252 GC heap after
{Heap after GC invocations=240 (full 125):
 garbage-first heap   total 262144K, used 109424K [0x0000000740000000, 0x0000000800000000)
  region size 1024K, 1 young (1024K), 1 survivors (1024K)
 Metaspace       used 117127K, capacity 119984K, committed 120264K, reserved 1153024K
  class space    used 15403K, capacity 16684K, committed 16716K, reserved 1048576K
}
Event: 1733.906 GC heap before
{Heap before GC invocations=240 (full 125):
 garbage-first heap   total 262144K, used 169840K [0x0000000740000000, 0x0000000800000000)
  region size 1024K, 60 young (61440K), 1 survivors (1024K)
 Metaspace       used 117129K, capacity 119984K, committed 120264K, reserved 1153024K
  class space    used 15403K, capacity 16684K, committed 16716K, reserved 1048576K
}
Event: 1733.908 GC heap after
{Heap after GC invocations=241 (full 125):
 garbage-first heap   total 262144K, used 109533K [0x0000000740000000, 0x0000000800000000)
  region size 1024K, 1 young (1024K), 1 survivors (1024K)
 Metaspace       used 117129K, capacity 119984K, committed 120264K, reserved 1153024K
  class space    used 15403K, capacity 16684K, committed 16716K, reserved 1048576K
}
Event: 1778.434 GC heap before
{Heap before GC invocations=241 (full 125):
 garbage-first heap   total 262144K, used 169949K [0x0000000740000000, 0x0000000800000000)
  region size 1024K, 60 young (61440K), 1 survivors (1024K)
 Metaspace       used 117134K, capacity 119984K, committed 120264K, reserved 1153024K
  class space    used 15403K, capacity 16684K, committed 16716K, reserved 1048576K
}
Event: 1778.436 GC heap after
{Heap after GC invocations=242 (full 125):
 garbage-first heap   total 262144K, used 110844K [0x0000000740000000, 0x0000000800000000)
  region size 1024K, 3 young (3072K), 3 survivors (3072K)
 Metaspace       used 117134K, capacity 119984K, committed 120264K, reserved 1153024K
  class space    used 15403K, capacity 16684K, committed 16716K, reserved 1048576K
}

